# JRE version: Java(TM) SE Runtime Environment (8.0_144-b01) (build 1.8.0_144-b01)
# Java VM: Java HotSpot(TM) 64-Bit Server VM (25.144-b01 mixed mode windows-amd64 compressed oops)
Heap:
 PSYoungGen      total 211456K, used 58741K [0x00000000d6700000, 0x00000000e4900000, 0x0000000100000000)
  eden space 194560K, 30% used [0x00000000d6700000,0x00000000da05d7b0,0x00000000e2500000)
  from space 16896K, 0% used [0x00000000e3800000,0x00000000e3800000,0x00000000e4880000)
  to   space 18432K, 0% used [0x00000000e2500000,0x00000000e2500000,0x00000000e3700000)
 ParOldGen       total 128512K, used 24711K [0x0000000083400000, 0x000000008b180000, 0x00000000d6700000)
  object space 128512K, 19% used [0x0000000083400000,0x0000000084c21c70,0x000000008b180000)
 Metaspace       used 60199K, capacity 63108K, committed 63256K, reserved 1103872K
  class space    used 8217K, capacity 8743K, committed 8752K, reserved 1048576K
GC Heap History (10 events):
Event: 4.559 GC heap before
{Heap before GC invocations=9 (full 1):
 PSYoungGen      total 135680K, used 75257K [0x00000000d6700000, 0x00000000e1780000, 0x0000000100000000)
  eden space 126976K, 52% used [0x00000000d6700000,0x00000000da804788,0x00000000de300000)
  from space 8704K, 99% used [0x00000000de300000,0x00000000deb79d98,0x00000000deb80000)
  to   space 11264K, 0% used [0x00000000e0c80000,0x00000000e0c80000,0x00000000e1780000)
 ParOldGen       total 56320K, used 10133K [0x0000000083400000, 0x0000000086b00000, 0x00000000d6700000)
  object space 56320K, 17% used [0x0000000083400000,0x0000000083de5428,0x0000000086b00000)
 Metaspace       used 33692K, capacity 35342K, committed 35496K, reserved 1079296K
  class space    used 4363K, capacity 4693K, committed 4784K, reserved 1048576K
Event: 4.571 GC heap after
Heap after GC invocations=9 (full 1):
 PSYoungGen      total 167936K, used 10056K [0x00000000d6700000, 0x00000000e3d00000, 0x0000000100000000)
  eden space 156672K, 0% used [0x00000000d6700000,0x00000000d6700000,0x00000000e0000000)
  from space 11264K, 89% used [0x00000000e0c80000,0x00000000e16521e0,0x00000000e1780000)
  to   space 12800K, 0% used [0x00000000e0000000,0x00000000e0000000,0x00000000e0c80000)
 ParOldGen       total 56320K, used 10141K [0x0000000083400000, 0x0000000086b00000, 0x00000000d6700000)
  object space 56320K, 18% used [0x0000000083400000,0x0000000083de7428,0x0000000086b00000)
 Metaspace       used 33692K, capacity 35342K, committed 35496K, reserved 1079296K
  class space    used 4363K, capacity 4693K, committed 4784K, reserved 1048576K
}
Event: 4.571 GC heap before
{Heap before GC invocations=10 (full 2):
 PSYoungGen      total 167936K, used 10056K [0x00000000d6700000, 0x00000000e3d00000, 0x0000000100000000)
  eden space 156672K, 0% used [0x00000000d6700000,0x00000000d6700000,0x00000000e0000000)
  from space 11264K, 89% used [0x00000000e0c80000,0x00000000e16521e0,0x00000000e1780000)
  to   space 12800K, 0% used [0x00000000e0000000,0x00000000e0000000,0x00000000e0c80000)
 ParOldGen       total 56320K, used 10141K [0x0000000083400000, 0x0000000086b00000, 0x00000000d6700000)
  object space 56320K, 18% used [0x0000000083400000,0x0000000083de7428,0x0000000086b00000)
 Metaspace       used 33692K, capacity 35342K, committed 35496K, reserved 1079296K
  class space    used 4363K, capacity 4693K, committed 4784K, reserved 1048576K
Event: 4.648 GC heap after
Heap after GC invocations=10 (full 2):
 PSYoungGen      total 167936K, used 0K [0x00000000d6700000, 0x00000000e3d00000, 0x0000000100000000)
  eden space 156672K, 0% used [0x00000000d6700000,0x00000000d6700000,0x00000000e0000000)
  from space 11264K, 0% used [0x00000000e0c80000,0x00000000e0c80000,0x00000000e1780000)
  to   space 12800K, 0% used [0x00000000e0000000,0x00000000e0000000,0x00000000e0c80000)
 ParOldGen       total 87552K, used 14118K [0x0000000083400000, 0x0000000088980000, 0x00000000d6700000)
  object space 87552K, 16% used [0x0000000083400000,0x00000000841c9a98,0x0000000088980000)
 Metaspace       used 33692K, capacity 35342K, committed 35496K, reserved 1079296K
  class space    used 4363K, capacity 4693K, committed 4784K, reserved 1048576K
}
Event: 7.445 GC heap before
{Heap before GC invocations=11 (full 2):
 PSYoungGen      total 167936K, used 156672K [0x00000000d6700000, 0x00000000e3d00000, 0x0000000100000000)
  eden space 156672K, 100% used [0x00000000d6700000,0x00000000e0000000,0x00000000e0000000)
  from space 11264K, 0% used [0x00000000e0c80000,0x00000000e0c80000,0x00000000e1780000)
  to   space 12800K, 0% used [0x00000000e0000000,0x00000000e0000000,0x00000000e0c80000)
 ParOldGen       total 87552K, used 14118K [0x0000000083400000, 0x0000000088980000, 0x00000000d6700000)
  object space 87552K, 16% used [0x0000000083400000,0x00000000841c9a98,0x0000000088980000)
 Metaspace       used 50186K, capacity 52080K, committed 52392K, reserved 1093632K
  class space    used 6864K, capacity 7224K, committed 7344K, reserved 1048576K
Event: 7.465 GC heap after
Heap after GC invocations=11 (full 2):
 PSYoungGen      total 169472K, used 12773K [0x00000000d6700000, 0x00000000e4880000, 0x0000000100000000)
  eden space 156672K, 0% used [0x00000000d6700000,0x00000000d6700000,0x00000000e0000000)
  from space 12800K, 99% used [0x00000000e0000000,0x00000000e0c794e8,0x00000000e0c80000)
  to   space 16896K, 0% used [0x00000000e3800000,0x00000000e3800000,0x00000000e4880000)
 ParOldGen       total 87552K, used 20516K [0x0000000083400000, 0x0000000088980000, 0x00000000d6700000)
  object space 87552K, 23% used [0x0000000083400000,0x00000000848090b0,0x0000000088980000)
 Metaspace       used 50186K, capacity 52080K, committed 52392K, reserved 1093632K
  class space    used 6864K, capacity 7224K, committed 7344K, reserved 1048576K
}
Event: 9.230 GC heap before
{Heap before GC invocations=12 (full 2):
 PSYoungGen      total 169472K, used 103838K [0x00000000d6700000, 0x00000000e4880000, 0x0000000100000000)
  eden space 156672K, 58% used [0x00000000d6700000,0x00000000dbfee3d8,0x00000000e0000000)
  from space 12800K, 99% used [0x00000000e0000000,0x00000000e0c794e8,0x00000000e0c80000)
  to   space 16896K, 0% used [0x00000000e3800000,0x00000000e3800000,0x00000000e4880000)
 ParOldGen       total 87552K, used 20516K [0x0000000083400000, 0x0000000088980000, 0x00000000d6700000)
  object space 87552K, 23% used [0x0000000083400000,0x00000000848090b0,0x0000000088980000)
 Metaspace       used 56433K, capacity 59130K, committed 59160K, reserved 1099776K
  class space    used 7742K, capacity 8216K, committed 8240K, reserved 1048576K
Event: 9.251 GC heap after
Heap after GC invocations=12 (full 2):
 PSYoungGen      total 211456K, used 14422K [0x00000000d6700000, 0x00000000e4900000, 0x0000000100000000)
  eden space 194560K, 0% used [0x00000000d6700000,0x00000000d6700000,0x00000000e2500000)
  from space 16896K, 85% used [0x00000000e3800000,0x00000000e46158f0,0x00000000e4880000)
  to   space 18432K, 0% used [0x00000000e2500000,0x00000000e2500000,0x00000000e3700000)
 ParOldGen       total 87552K, used 20524K [0x0000000083400000, 0x0000000088980000, 0x00000000d6700000)
  object space 87552K, 23% used [0x0000000083400000,0x000000008480b0b0,0x0000000088980000)
 Metaspace       used 56433K, capacity 59130K, committed 59160K, reserved 1099776K
  class space    used 7742K, capacity 8216K, committed 8240K, reserved 1048576K
}
Event: 9.251 GC heap before
{Heap before GC invocations=13 (full 3):
 PSYoungGen      total 211456K, used 14422K [0x00000000d6700000, 0x00000000e4900000, 0x0000000100000000)
  eden space 194560K, 0% used [0x00000000d6700000,0x00000000d6700000,0x00000000e2500000)
  from space 16896K, 85% used [0x00000000e3800000,0x00000000e46158f0,0x00000000e4880000)
  to   space 18432K, 0% used [0x00000000e2500000,0x00000000e2500000,0x00000000e3700000)
 ParOldGen       total 87552K, used 20524K [0x0000000083400000, 0x0000000088980000, 0x00000000d6700000)
  object space 87552K, 23% used [0x0000000083400000,0x000000008480b0b0,0x0000000088980000)
 Metaspace       used 56433K, capacity 59130K, committed 59160K, reserved 1099776K
  class space    used 7742K, capacity 8216K, committed 8240K, reserved 1048576K
Event: 9.467 GC heap after
Heap after GC invocations=13 (full 3):
 PSYoungGen      total 211456K, used 0K [0x00000000d6700000, 0x00000000e4900000, 0x0000000100000000)
  eden space 194560K, 0% used [0x00000000d6700000,0x00000000d6700000,0x00000000e2500000)
  from space 16896K, 0% used [0x00000000e3800000,0x00000000e3800000,0x00000000e4880000)
  to   space 18432K, 0% used [0x00000000e2500000,0x00000000e2500000,0x00000000e3700000)
 ParOldGen       total 128512K, used 24711K [0x0000000083400000, 0x000000008b180000, 0x00000000d6700000)
  object space 128512K, 19% used [0x0000000083400000,0x0000000084c21c70,0x000000008b180000)
 Metaspace       used 56433K, capacity 59130K, committed 59160K, reserved 1099776K
  class space    used 7742K, capacity 8216K, committed 8240K, reserved 1048576K
}

