# JRE version: Java(TM) SE Runtime Environment (8.0_144-b01) (build 1.8.0_144-b01)
# Java VM: Java HotSpot(TM) 64-Bit Server VM (25.144-b01 mixed mode windows-amd64 compressed oops)
Heap:
 PSYoungGen      total 270848K, used 20077K [0x00000000d6700000, 0x00000000e9200000, 0x0000000100000000)
  eden space 255488K, 7% used [0x00000000d6700000,0x00000000d7a9b6a8,0x00000000e6080000)
  from space 15360K, 0% used [0x00000000e8300000,0x00000000e8300000,0x00000000e9200000)
  to   space 17408K, 0% used [0x00000000e7000000,0x00000000e7000000,0x00000000e8100000)
 ParOldGen       total 53248K, used 30662K [0x0000000083400000, 0x0000000086800000, 0x00000000d6700000)
  object space 53248K, 57% used [0x0000000083400000,0x00000000851f1908,0x0000000086800000)
 Metaspace       used 47227K, capacity 49323K, committed 49664K, reserved 1097728K
  class space    used 6689K, capacity 7113K, committed 7168K, reserved 1048576K
GC Heap History (10 events):
Event: 9.647 GC heap before
{Heap before GC invocations=9 (full 1):
 PSYoungGen      total 135168K, used 135141K [0x00000000d6700000, 0x00000000e3f80000, 0x0000000100000000)
  eden space 124928K, 100% used [0x00000000d6700000,0x00000000de100000,0x00000000de100000)
  from space 10240K, 99% used [0x00000000de100000,0x00000000deaf9770,0x00000000deb00000)
  to   space 12800K, 0% used [0x00000000e3300000,0x00000000e3300000,0x00000000e3f80000)
 ParOldGen       total 53248K, used 10801K [0x0000000083400000, 0x0000000086800000, 0x00000000d6700000)
  object space 53248K, 20% used [0x0000000083400000,0x0000000083e8c478,0x0000000086800000)
 Metaspace       used 31404K, capacity 33204K, committed 33408K, reserved 1077248K
  class space    used 4292K, capacity 4620K, committed 4736K, reserved 1048576K
Event: 9.671 GC heap after
Heap after GC invocations=9 (full 1):
 PSYoungGen      total 206848K, used 12770K [0x00000000d6700000, 0x00000000e5100000, 0x0000000100000000)
  eden space 194048K, 0% used [0x00000000d6700000,0x00000000d6700000,0x00000000e2480000)
  from space 12800K, 99% used [0x00000000e3300000,0x00000000e3f78968,0x00000000e3f80000)
  to   space 14848K, 0% used [0x00000000e2480000,0x00000000e2480000,0x00000000e3300000)
 ParOldGen       total 53248K, used 11068K [0x0000000083400000, 0x0000000086800000, 0x00000000d6700000)
  object space 53248K, 20% used [0x0000000083400000,0x0000000083ecf1b0,0x0000000086800000)
 Metaspace       used 31404K, capacity 33204K, committed 33408K, reserved 1077248K
  class space    used 4292K, capacity 4620K, committed 4736K, reserved 1048576K
}
Event: 10.349 GC heap before
{Heap before GC invocations=10 (full 1):
 PSYoungGen      total 206848K, used 57308K [0x00000000d6700000, 0x00000000e5100000, 0x0000000100000000)
  eden space 194048K, 22% used [0x00000000d6700000,0x00000000d927e6c0,0x00000000e2480000)
  from space 12800K, 99% used [0x00000000e3300000,0x00000000e3f78968,0x00000000e3f80000)
  to   space 14848K, 0% used [0x00000000e2480000,0x00000000e2480000,0x00000000e3300000)
 ParOldGen       total 53248K, used 11068K [0x0000000083400000, 0x0000000086800000, 0x00000000d6700000)
  object space 53248K, 20% used [0x0000000083400000,0x0000000083ecf1b0,0x0000000086800000)
 Metaspace       used 33510K, capacity 35436K, committed 35456K, reserved 1079296K
  class space    used 4594K, capacity 4976K, committed 4992K, reserved 1048576K
Event: 10.372 GC heap after
Heap after GC invocations=10 (full 1):
 PSYoungGen      total 208896K, used 10500K [0x00000000d6700000, 0x00000000e9200000, 0x0000000100000000)
  eden space 194048K, 0% used [0x00000000d6700000,0x00000000d6700000,0x00000000e2480000)
  from space 14848K, 70% used [0x00000000e2480000,0x00000000e2ec11a8,0x00000000e3300000)
  to   space 15360K, 0% used [0x00000000e8300000,0x00000000e8300000,0x00000000e9200000)
 ParOldGen       total 53248K, used 13148K [0x0000000083400000, 0x0000000086800000, 0x00000000d6700000)
  object space 53248K, 24% used [0x0000000083400000,0x00000000840d7258,0x0000000086800000)
 Metaspace       used 33510K, capacity 35436K, committed 35456K, reserved 1079296K
  class space    used 4594K, capacity 4976K, committed 4992K, reserved 1048576K
}
Event: 10.372 GC heap before
{Heap before GC invocations=11 (full 2):
 PSYoungGen      total 208896K, used 10500K [0x00000000d6700000, 0x00000000e9200000, 0x0000000100000000)
  eden space 194048K, 0% used [0x00000000d6700000,0x00000000d6700000,0x00000000e2480000)
  from space 14848K, 70% used [0x00000000e2480000,0x00000000e2ec11a8,0x00000000e3300000)
  to   space 15360K, 0% used [0x00000000e8300000,0x00000000e8300000,0x00000000e9200000)
 ParOldGen       total 53248K, used 13148K [0x0000000083400000, 0x0000000086800000, 0x00000000d6700000)
  object space 53248K, 24% used [0x0000000083400000,0x00000000840d7258,0x0000000086800000)
 Metaspace       used 33510K, capacity 35436K, committed 35456K, reserved 1079296K
  class space    used 4594K, capacity 4976K, committed 4992K, reserved 1048576K
Event: 10.535 GC heap after
Heap after GC invocations=11 (full 2):
 PSYoungGen      total 208896K, used 0K [0x00000000d6700000, 0x00000000e9200000, 0x0000000100000000)
  eden space 194048K, 0% used [0x00000000d6700000,0x00000000d6700000,0x00000000e2480000)
  from space 14848K, 0% used [0x00000000e2480000,0x00000000e2480000,0x00000000e3300000)
  to   space 15360K, 0% used [0x00000000e8300000,0x00000000e8300000,0x00000000e9200000)
 ParOldGen       total 53248K, used 17402K [0x0000000083400000, 0x0000000086800000, 0x00000000d6700000)
  object space 53248K, 32% used [0x0000000083400000,0x00000000844fea30,0x0000000086800000)
 Metaspace       used 33510K, capacity 35436K, committed 35456K, reserved 1079296K
  class space    used 4594K, capacity 4976K, committed 4992K, reserved 1048576K
}
Event: 12.193 GC heap before
{Heap before GC invocations=12 (full 2):
 PSYoungGen      total 208896K, used 110014K [0x00000000d6700000, 0x00000000e9200000, 0x0000000100000000)
  eden space 194048K, 56% used [0x00000000d6700000,0x00000000dd26f888,0x00000000e2480000)
  from space 14848K, 0% used [0x00000000e2480000,0x00000000e2480000,0x00000000e3300000)
  to   space 15360K, 0% used [0x00000000e8300000,0x00000000e8300000,0x00000000e9200000)
 ParOldGen       total 53248K, used 17402K [0x0000000083400000, 0x0000000086800000, 0x00000000d6700000)
  object space 53248K, 32% used [0x0000000083400000,0x00000000844fea30,0x0000000086800000)
 Metaspace       used 46402K, capacity 48467K, committed 48768K, reserved 1097728K
  class space    used 6569K, capacity 6962K, committed 7040K, reserved 1048576K
Event: 12.215 GC heap after
Heap after GC invocations=12 (full 2):
 PSYoungGen      total 270848K, used 15356K [0x00000000d6700000, 0x00000000e9200000, 0x0000000100000000)
  eden space 255488K, 0% used [0x00000000d6700000,0x00000000d6700000,0x00000000e6080000)
  from space 15360K, 99% used [0x00000000e8300000,0x00000000e91ff398,0x00000000e9200000)
  to   space 17408K, 0% used [0x00000000e7000000,0x00000000e7000000,0x00000000e8100000)
 ParOldGen       total 53248K, used 17520K [0x0000000083400000, 0x0000000086800000, 0x00000000d6700000)
  object space 53248K, 32% used [0x0000000083400000,0x000000008451c060,0x0000000086800000)
 Metaspace       used 46402K, capacity 48467K, committed 48768K, reserved 1097728K
  class space    used 6569K, capacity 6962K, committed 7040K, reserved 1048576K
}
Event: 12.216 GC heap before
{Heap before GC invocations=13 (full 3):
 PSYoungGen      total 270848K, used 15356K [0x00000000d6700000, 0x00000000e9200000, 0x0000000100000000)
  eden space 255488K, 0% used [0x00000000d6700000,0x00000000d6700000,0x00000000e6080000)
  from space 15360K, 99% used [0x00000000e8300000,0x00000000e91ff398,0x00000000e9200000)
  to   space 17408K, 0% used [0x00000000e7000000,0x00000000e7000000,0x00000000e8100000)
 ParOldGen       total 53248K, used 17520K [0x0000000083400000, 0x0000000086800000, 0x00000000d6700000)
  object space 53248K, 32% used [0x0000000083400000,0x000000008451c060,0x0000000086800000)
 Metaspace       used 46402K, capacity 48467K, committed 48768K, reserved 1097728K
  class space    used 6569K, capacity 6962K, committed 7040K, reserved 1048576K
Event: 12.556 GC heap after
Heap after GC invocations=13 (full 3):
 PSYoungGen      total 270848K, used 0K [0x00000000d6700000, 0x00000000e9200000, 0x0000000100000000)
  eden space 255488K, 0% used [0x00000000d6700000,0x00000000d6700000,0x00000000e6080000)
  from space 15360K, 0% used [0x00000000e8300000,0x00000000e8300000,0x00000000e9200000)
  to   space 17408K, 0% used [0x00000000e7000000,0x00000000e7000000,0x00000000e8100000)
 ParOldGen       total 53248K, used 30662K [0x0000000083400000, 0x0000000086800000, 0x00000000d6700000)
  object space 53248K, 57% used [0x0000000083400000,0x00000000851f1908,0x0000000086800000)
 Metaspace       used 46402K, capacity 48467K, committed 48768K, reserved 1095680K
  class space    used 6569K, capacity 6962K, committed 7040K, reserved 1048576K
}

