# JRE version: Java(TM) SE Runtime Environment (8.0_144-b01) (build 1.8.0_144-b01)
# Java VM: Java HotSpot(TM) 64-Bit Server VM (25.144-b01 mixed mode windows-amd64 compressed oops)
Heap:
 PSYoungGen      total 107520K, used 42382K [0x00000000d6700000, 0x00000000df100000, 0x0000000100000000)
  eden space 105984K, 39% used [0x00000000d6700000,0x00000000d9063930,0x00000000dce80000)
  from space 1536K, 0% used [0x00000000de100000,0x00000000de100000,0x00000000de280000)
  to   space 12288K, 0% used [0x00000000de500000,0x00000000de500000,0x00000000df100000)
 ParOldGen       total 59904K, used 12503K [0x0000000083400000, 0x0000000086e80000, 0x00000000d6700000)
  object space 59904K, 20% used [0x0000000083400000,0x0000000084035d98,0x0000000086e80000)
 Metaspace       used 33576K, capacity 35239K, committed 35504K, reserved 1085440K
  class space    used 4354K, capacity 4662K, committed 4784K, reserved 1048576K
GC Heap History (10 events):
Event: 4.501 GC heap before
{Heap before GC invocations=9 (full 2):
 PSYoungGen      total 110080K, used 9715K [0x00000000d6700000, 0x00000000df400000, 0x0000000100000000)
  eden space 100352K, 0% used [0x00000000d6700000,0x00000000d6700000,0x00000000dc900000)
  from space 9728K, 99% used [0x00000000de100000,0x00000000dea7ccd0,0x00000000dea80000)
  to   space 3584K, 0% used [0x00000000df080000,0x00000000df080000,0x00000000df400000)
 ParOldGen       total 59904K, used 10348K [0x0000000083400000, 0x0000000086e80000, 0x00000000d6700000)
  object space 59904K, 17% used [0x0000000083400000,0x0000000083e1b1f8,0x0000000086e80000)
 Metaspace       used 30881K, capacity 32090K, committed 32176K, reserved 1081344K
  class space    used 3998K, capacity 4241K, committed 4272K, reserved 1048576K
Event: 4.573 GC heap after
Heap after GC invocations=9 (full 2):
 PSYoungGen      total 110080K, used 0K [0x00000000d6700000, 0x00000000df400000, 0x0000000100000000)
  eden space 100352K, 0% used [0x00000000d6700000,0x00000000d6700000,0x00000000dc900000)
  from space 9728K, 0% used [0x00000000de100000,0x00000000de100000,0x00000000dea80000)
  to   space 3584K, 0% used [0x00000000df080000,0x00000000df080000,0x00000000df400000)
 ParOldGen       total 59904K, used 14998K [0x0000000083400000, 0x0000000086e80000, 0x00000000d6700000)
  object space 59904K, 25% used [0x0000000083400000,0x00000000842a5a88,0x0000000086e80000)
 Metaspace       used 30881K, capacity 32090K, committed 32176K, reserved 1079296K
  class space    used 3998K, capacity 4241K, committed 4272K, reserved 1048576K
}
Event: 4.718 GC heap before
{Heap before GC invocations=10 (full 2):
 PSYoungGen      total 110080K, used 11799K [0x00000000d6700000, 0x00000000df400000, 0x0000000100000000)
  eden space 100352K, 11% used [0x00000000d6700000,0x00000000d7285ea0,0x00000000dc900000)
  from space 9728K, 0% used [0x00000000de100000,0x00000000de100000,0x00000000dea80000)
  to   space 3584K, 0% used [0x00000000df080000,0x00000000df080000,0x00000000df400000)
 ParOldGen       total 59904K, used 14998K [0x0000000083400000, 0x0000000086e80000, 0x00000000d6700000)
  object space 59904K, 25% used [0x0000000083400000,0x00000000842a5a88,0x0000000086e80000)
 Metaspace       used 31823K, capacity 33399K, committed 33456K, reserved 1085440K
  class space    used 4170K, capacity 4488K, committed 4528K, reserved 1048576K
Event: 4.721 GC heap after
Heap after GC invocations=10 (full 2):
 PSYoungGen      total 103936K, used 850K [0x00000000d6700000, 0x00000000df400000, 0x0000000100000000)
  eden space 100352K, 0% used [0x00000000d6700000,0x00000000d6700000,0x00000000dc900000)
  from space 3584K, 23% used [0x00000000df080000,0x00000000df154ad0,0x00000000df400000)
  to   space 9728K, 0% used [0x00000000de100000,0x00000000de100000,0x00000000dea80000)
 ParOldGen       total 59904K, used 15006K [0x0000000083400000, 0x0000000086e80000, 0x00000000d6700000)
  object space 59904K, 25% used [0x0000000083400000,0x00000000842a7a88,0x0000000086e80000)
 Metaspace       used 31823K, capacity 33399K, committed 33456K, reserved 1085440K
  class space    used 4170K, capacity 4488K, committed 4528K, reserved 1048576K
}
Event: 4.721 GC heap before
{Heap before GC invocations=11 (full 3):
 PSYoungGen      total 103936K, used 850K [0x00000000d6700000, 0x00000000df400000, 0x0000000100000000)
  eden space 100352K, 0% used [0x00000000d6700000,0x00000000d6700000,0x00000000dc900000)
  from space 3584K, 23% used [0x00000000df080000,0x00000000df154ad0,0x00000000df400000)
  to   space 9728K, 0% used [0x00000000de100000,0x00000000de100000,0x00000000dea80000)
 ParOldGen       total 59904K, used 15006K [0x0000000083400000, 0x0000000086e80000, 0x00000000d6700000)
  object space 59904K, 25% used [0x0000000083400000,0x00000000842a7a88,0x0000000086e80000)
 Metaspace       used 31823K, capacity 33399K, committed 33456K, reserved 1085440K
  class space    used 4170K, capacity 4488K, committed 4528K, reserved 1048576K
Event: 4.816 GC heap after
Heap after GC invocations=11 (full 3):
 PSYoungGen      total 103936K, used 0K [0x00000000d6700000, 0x00000000df400000, 0x0000000100000000)
  eden space 100352K, 0% used [0x00000000d6700000,0x00000000d6700000,0x00000000dc900000)
  from space 3584K, 0% used [0x00000000df080000,0x00000000df080000,0x00000000df400000)
  to   space 9728K, 0% used [0x00000000de100000,0x00000000de100000,0x00000000dea80000)
 ParOldGen       total 59904K, used 11342K [0x0000000083400000, 0x0000000086e80000, 0x00000000d6700000)
  object space 59904K, 18% used [0x0000000083400000,0x0000000083f13b00,0x0000000086e80000)
 Metaspace       used 31823K, capacity 33399K, committed 33456K, reserved 1083392K
  class space    used 4170K, capacity 4488K, committed 4528K, reserved 1048576K
}
Event: 4.958 GC heap before
{Heap before GC invocations=12 (full 3):
 PSYoungGen      total 103936K, used 8303K [0x00000000d6700000, 0x00000000df400000, 0x0000000100000000)
  eden space 100352K, 8% used [0x00000000d6700000,0x00000000d6f1bdb8,0x00000000dc900000)
  from space 3584K, 0% used [0x00000000df080000,0x00000000df080000,0x00000000df400000)
  to   space 9728K, 0% used [0x00000000de100000,0x00000000de100000,0x00000000dea80000)
 ParOldGen       total 59904K, used 11342K [0x0000000083400000, 0x0000000086e80000, 0x00000000d6700000)
  object space 59904K, 18% used [0x0000000083400000,0x0000000083f13b00,0x0000000086e80000)
 Metaspace       used 32887K, capacity 34481K, committed 34608K, reserved 1089536K
  class space    used 4279K, capacity 4589K, committed 4656K, reserved 1048576K
Event: 4.960 GC heap after
Heap after GC invocations=12 (full 3):
 PSYoungGen      total 107520K, used 1534K [0x00000000d6700000, 0x00000000df100000, 0x0000000100000000)
  eden space 105984K, 0% used [0x00000000d6700000,0x00000000d6700000,0x00000000dce80000)
  from space 1536K, 99% used [0x00000000de100000,0x00000000de27fa68,0x00000000de280000)
  to   space 12288K, 0% used [0x00000000de500000,0x00000000de500000,0x00000000df100000)
 ParOldGen       total 59904K, used 11342K [0x0000000083400000, 0x0000000086e80000, 0x00000000d6700000)
  object space 59904K, 18% used [0x0000000083400000,0x0000000083f13b00,0x0000000086e80000)
 Metaspace       used 32887K, capacity 34481K, committed 34608K, reserved 1089536K
  class space    used 4279K, capacity 4589K, committed 4656K, reserved 1048576K
}
Event: 4.960 GC heap before
{Heap before GC invocations=13 (full 4):
 PSYoungGen      total 107520K, used 1534K [0x00000000d6700000, 0x00000000df100000, 0x0000000100000000)
  eden space 105984K, 0% used [0x00000000d6700000,0x00000000d6700000,0x00000000dce80000)
  from space 1536K, 99% used [0x00000000de100000,0x00000000de27fa68,0x00000000de280000)
  to   space 12288K, 0% used [0x00000000de500000,0x00000000de500000,0x00000000df100000)
 ParOldGen       total 59904K, used 11342K [0x0000000083400000, 0x0000000086e80000, 0x00000000d6700000)
  object space 59904K, 18% used [0x0000000083400000,0x0000000083f13b00,0x0000000086e80000)
 Metaspace       used 32887K, capacity 34481K, committed 34608K, reserved 1089536K
  class space    used 4279K, capacity 4589K, committed 4656K, reserved 1048576K
Event: 5.043 GC heap after
Heap after GC invocations=13 (full 4):
 PSYoungGen      total 107520K, used 0K [0x00000000d6700000, 0x00000000df100000, 0x0000000100000000)
  eden space 105984K, 0% used [0x00000000d6700000,0x00000000d6700000,0x00000000dce80000)
  from space 1536K, 0% used [0x00000000de100000,0x00000000de100000,0x00000000de280000)
  to   space 12288K, 0% used [0x00000000de500000,0x00000000de500000,0x00000000df100000)
 ParOldGen       total 59904K, used 12503K [0x0000000083400000, 0x0000000086e80000, 0x00000000d6700000)
  object space 59904K, 20% used [0x0000000083400000,0x0000000084035d98,0x0000000086e80000)
 Metaspace       used 32887K, capacity 34481K, committed 34608K, reserved 1085440K
  class space    used 4279K, capacity 4589K, committed 4656K, reserved 1048576K
}

